[debug] [2022-10-30T00:48:14.867Z] ----------------------------------------------------------------------
[debug] [2022-10-30T00:48:14.869Z] Command:       C:\Program Files\nodejs\node.exe C:\Users\Seth\AppData\Roaming\npm\node_modules\firebase-tools\lib\bin\firebase.js deploy --only functions
[debug] [2022-10-30T00:48:14.869Z] CLI Version:   11.15.0
[debug] [2022-10-30T00:48:14.869Z] Platform:      win32
[debug] [2022-10-30T00:48:14.869Z] Node Version:  v16.14.0
[debug] [2022-10-30T00:48:14.870Z] Time:          Sat Oct 29 2022 20:48:14 GMT-0400 (Eastern Daylight Time)
[debug] [2022-10-30T00:48:14.870Z] ----------------------------------------------------------------------
[debug] 
[debug] [2022-10-30T00:48:14.937Z] > command requires scopes: ["email","openid","https://www.googleapis.com/auth/cloudplatformprojects.readonly","https://www.googleapis.com/auth/firebase","https://www.googleapis.com/auth/cloud-platform"]
[debug] [2022-10-30T00:48:14.938Z] > authorizing via signed-in user (seth8656@gmail.com)
[debug] [2022-10-30T00:48:14.938Z] [iam] checking project maet-test-payment for permissions ["cloudfunctions.functions.create","cloudfunctions.functions.delete","cloudfunctions.functions.get","cloudfunctions.functions.list","cloudfunctions.functions.update","cloudfunctions.operations.get","firebase.projects.get"]
[debug] [2022-10-30T00:48:14.940Z] >>> [apiv2][query] POST https://cloudresourcemanager.googleapis.com/v1/projects/maet-test-payment:testIamPermissions [none]
[debug] [2022-10-30T00:48:14.941Z] >>> [apiv2][(partial)header] POST https://cloudresourcemanager.googleapis.com/v1/projects/maet-test-payment:testIamPermissions x-goog-quota-user=projects/maet-test-payment
[debug] [2022-10-30T00:48:14.941Z] >>> [apiv2][body] POST https://cloudresourcemanager.googleapis.com/v1/projects/maet-test-payment:testIamPermissions {"permissions":["cloudfunctions.functions.create","cloudfunctions.functions.delete","cloudfunctions.functions.get","cloudfunctions.functions.list","cloudfunctions.functions.update","cloudfunctions.operations.get","firebase.projects.get"]}
[debug] [2022-10-30T00:48:22.222Z] <<< [apiv2][status] POST https://cloudresourcemanager.googleapis.com/v1/projects/maet-test-payment:testIamPermissions 200
[debug] [2022-10-30T00:48:22.223Z] <<< [apiv2][body] POST https://cloudresourcemanager.googleapis.com/v1/projects/maet-test-payment:testIamPermissions {"permissions":["cloudfunctions.functions.create","cloudfunctions.functions.delete","cloudfunctions.functions.get","cloudfunctions.functions.list","cloudfunctions.functions.update","cloudfunctions.operations.get","firebase.projects.get"]}
[debug] [2022-10-30T00:48:22.223Z] >>> [apiv2][query] POST https://iam.googleapis.com/v1/projects/maet-test-payment/serviceAccounts/maet-test-payment@appspot.gserviceaccount.com:testIamPermissions [none]
[debug] [2022-10-30T00:48:22.224Z] >>> [apiv2][body] POST https://iam.googleapis.com/v1/projects/maet-test-payment/serviceAccounts/maet-test-payment@appspot.gserviceaccount.com:testIamPermissions {"permissions":["iam.serviceAccounts.actAs"]}
[debug] [2022-10-30T00:49:08.197Z] [functions] service account IAM check errored, deploy may fail:Failed to make request to https://iam.googleapis.com/v1/projects/maet-test-payment/serviceAccounts/maet-test-payment@appspot.gserviceaccount.com:testIamPermissions {"name":"FirebaseError","children":[],"exit":1,"message":"Failed to make request to https://iam.googleapis.com/v1/projects/maet-test-payment/serviceAccounts/maet-test-payment@appspot.gserviceaccount.com:testIamPermissions","original":{"message":"request to https://iam.googleapis.com/v1/projects/maet-test-payment/serviceAccounts/maet-test-payment@appspot.gserviceaccount.com:testIamPermissions failed, reason: socket hang up","type":"system","errno":"ECONNRESET","code":"ECONNRESET"},"status":500}
[info] 
[info] === Deploying to 'maet-test-payment'...
[info] 
[info] i  deploying functions 
[info] Running command: npm --prefix "$RESOURCE_DIR" run lint
[info] Running command: npm --prefix "$RESOURCE_DIR" run build
[info] +  functions: Finished running predeploy script. 
[debug] [2022-10-30T00:49:20.568Z] >>> [apiv2][query] GET https://firebase.googleapis.com/v1beta1/projects/maet-test-payment [none]
[debug] [2022-10-30T00:49:50.580Z] Timeout reached making request to https://firebase.googleapis.com/v1beta1/projects/maet-test-payment
[debug] [2022-10-30T00:49:50.853Z] FirebaseError: Timeout reached making request to https://firebase.googleapis.com/v1beta1/projects/maet-test-payment
    at RetryOperation._fn (C:\Users\Seth\AppData\Roaming\npm\node_modules\firebase-tools\lib\apiv2.js:238:35)
    at processTicksAndRejections (node:internal/process/task_queues:96:5)
[error] 
[error] Error: Failed to get Firebase project maet-test-payment. Please make sure the project exists and your account has permission to access it.
